Assuming unrestricted shared filesystem usage.
host: ied-mac-132
Building DAG of jobs...
Using shell: /bin/bash
Provided cores: 1 (use --cores to define parallelism)
Rules claiming more threads will be scaled down.
Job stats:
job                  count
-----------------  -------
preprocess_basics        1
total                    1

Select jobs to execute...
Execute 1 jobs...
[Tue Apr 21 17:24:41 2026]
localrule preprocess_basics:
    input: raw-data/Aviation_Justice_US_111224_1531.csv, raw-data/Aviation_Justice_CH_111224_1531.csv, raw-data/Aviation_Justice_CN_111224_1532.csv
    output: data/data_clean_us.csv, data/data_clean_ch.csv, data/data_clean_cn.csv
    jobid: 0
    reason: Code has changed since last execution
    resources: tmpdir=/var/folders/jn/n5g92qdx14d6llr84xp1bmkc0000gq/T
[Tue Apr 21 17:24:53 2026]
Finished jobid: 0 (Rule: preprocess_basics)
1 of 1 steps (100%) done
Complete log(s): /Users/krikri/Documents/Projects/aviation-budget/.snakemake/log/2026-04-21T172440.723152.snakemake.log
